2017-12-30 00:20:02,108 [http-bio-8090-exec-7] ERROR StackTrace  - Full Stack Trace:
org.codehaus.groovy.control.MultipleCompilationErrorsException: startup failed:
C:\testgrailsproj\workspace\tradeproj\src\groovy\tradeproj\Trade.groovy: 5: unable to resolve class AutoClone ,  unable to find class for annotation
 @ line 5, column 1.
   @AutoClone
   ^

1 error

	at org.codehaus.groovy.control.ErrorCollector.failIfErrors(ErrorCollector.java:309)
	at org.codehaus.groovy.control.CompilationUnit.applyToSourceUnits(CompilationUnit.java:927)
	at org.codehaus.groovy.control.CompilationUnit.doPhaseOperation(CompilationUnit.java:574)
	at org.codehaus.groovy.control.CompilationUnit.compile(CompilationUnit.java:523)
	at org.codehaus.groovy.control.CompilationUnit.compile(CompilationUnit.java:506)
	at org.codehaus.groovy.tools.FileSystemCompiler.compile(FileSystemCompiler.java:59)
	at org.codehaus.groovy.tools.FileSystemCompiler.doCompilation(FileSystemCompiler.java:215)
	at org.codehaus.groovy.ant.Groovyc.runCompiler(Groovyc.java:1104)
	at org.codehaus.groovy.ant.Groovyc.compile(Groovyc.java:1155)
	at org.codehaus.groovy.grails.compiler.Grailsc.compile(Grailsc.java:78)
	at org.codehaus.groovy.ant.Groovyc.execute(Groovyc.java:770)
	at org.apache.tools.ant.UnknownElement.execute(UnknownElement.java:291)
	at sun.reflect.GeneratedMethodAccessor82.invoke(Unknown Source)
	at sun.reflect.DelegatingMethodAccessorImpl.invoke(DelegatingMethodAccessorImpl.java:43)
	at java.lang.reflect.Method.invoke(Method.java:606)
	at org.springsource.loaded.ri.ReflectiveInterceptor.jlrMethodInvoke(ReflectiveInterceptor.java:1254)
	at org.apache.tools.ant.dispatch.DispatchUtils.execute(DispatchUtils.java:106)
	at groovy.util.AntBuilder.performTask(AntBuilder.java:319)
	at groovy.util.AntBuilder.nodeCompleted(AntBuilder.java:264)
	at groovy.util.BuilderSupport.doInvokeMethod(BuilderSupport.java:147)
	at groovy.util.AntBuilder.doInvokeMethod(AntBuilder.java:203)
	at groovy.util.BuilderSupport.invokeMethod(BuilderSupport.java:64)
	at org.codehaus.gant.GantBuilder.invokeMethod(GantBuilder.java:99)
	at org.codehaus.groovy.runtime.callsite.PogoMetaClassSite.call(PogoMetaClassSite.java:45)
	at org.codehaus.groovy.runtime.callsite.AbstractCallSite.call(AbstractCallSite.java:120)
	at org.codehaus.groovy.grails.compiler.GrailsProjectCompiler.compile(GrailsProjectCompiler.groovy:289)
	at org.codehaus.groovy.grails.compiler.GrailsProjectCompiler$compile$5.callCurrent(Unknown Source)
	at org.codehaus.groovy.grails.compiler.GrailsProjectCompiler.compile(GrailsProjectCompiler.groovy:259)
	at org.codehaus.groovy.grails.compiler.GrailsProjectCompiler.compileAll(GrailsProjectCompiler.groovy:250)
	at org.codehaus.groovy.grails.compiler.GrailsProjectWatcher.compileIfSource(GrailsProjectWatcher.java:279)
	at org.codehaus.groovy.grails.compiler.GrailsProjectWatcher.access$300(GrailsProjectWatcher.java:46)
	at org.codehaus.groovy.grails.compiler.GrailsProjectWatcher$1.onChange(GrailsProjectWatcher.java:153)
	at org.codehaus.groovy.grails.compiler.DirectoryWatcher.fireOnChange(DirectoryWatcher.java:174)
	at org.codehaus.groovy.grails.compiler.DirectoryWatcher.run(DirectoryWatcher.java:156)
	at org.codehaus.groovy.grails.compiler.GrailsProjectWatcher.run(GrailsProjectWatcher.java:178)
2017-12-30 00:20:02,113 [http-bio-8090-exec-7] ERROR StackTrace  - Full Stack Trace:
org.codehaus.groovy.control.MultipleCompilationErrorsException: startup failed:
C:\testgrailsproj\workspace\tradeproj\src\groovy\tradeproj\Trade.groovy: 5: unable to resolve class AutoClone ,  unable to find class for annotation
 @ line 5, column 1.
   @AutoClone
   ^

1 error

	at org.codehaus.groovy.control.ErrorCollector.failIfErrors(ErrorCollector.java:309)
	at org.codehaus.groovy.control.CompilationUnit.applyToSourceUnits(CompilationUnit.java:927)
	at org.codehaus.groovy.control.CompilationUnit.doPhaseOperation(CompilationUnit.java:574)
	at org.codehaus.groovy.control.CompilationUnit.compile(CompilationUnit.java:523)
	at org.codehaus.groovy.control.CompilationUnit.compile(CompilationUnit.java:506)
	at org.codehaus.groovy.tools.FileSystemCompiler.compile(FileSystemCompiler.java:59)
	at org.codehaus.groovy.tools.FileSystemCompiler.doCompilation(FileSystemCompiler.java:215)
	at org.codehaus.groovy.ant.Groovyc.runCompiler(Groovyc.java:1104)
	at org.codehaus.groovy.ant.Groovyc.compile(Groovyc.java:1155)
	at org.codehaus.groovy.ant.Groovyc.execute(Groovyc.java:770)
	at org.apache.tools.ant.UnknownElement.execute(UnknownElement.java:291)
	at org.apache.tools.ant.dispatch.DispatchUtils.execute(DispatchUtils.java:106)
2017-12-30 00:20:02,154 [http-bio-8090-exec-7] ERROR StackTrace  - Full Stack Trace:
org.codehaus.groovy.control.MultipleCompilationErrorsException: startup failed:
C:\testgrailsproj\workspace\tradeproj\src\groovy\tradeproj\Trade.groovy: 5: unable to resolve class AutoClone ,  unable to find class for annotation
 @ line 5, column 1.
   @AutoClone
   ^

1 error

	at org.codehaus.groovy.control.ErrorCollector.failIfErrors(ErrorCollector.java:309)
	at org.codehaus.groovy.control.CompilationUnit.applyToSourceUnits(CompilationUnit.java:927)
	at org.codehaus.groovy.control.CompilationUnit.doPhaseOperation(CompilationUnit.java:574)
	at org.codehaus.groovy.control.CompilationUnit.compile(CompilationUnit.java:523)
	at org.codehaus.groovy.control.CompilationUnit.compile(CompilationUnit.java:506)
	at org.codehaus.groovy.tools.FileSystemCompiler.compile(FileSystemCompiler.java:59)
	at org.codehaus.groovy.tools.FileSystemCompiler.doCompilation(FileSystemCompiler.java:215)
	at org.codehaus.groovy.ant.Groovyc.runCompiler(Groovyc.java:1104)
	at org.codehaus.groovy.ant.Groovyc.compile(Groovyc.java:1155)
	at org.codehaus.groovy.ant.Groovyc.execute(Groovyc.java:770)
	at org.apache.tools.ant.UnknownElement.execute(UnknownElement.java:291)
	at org.apache.tools.ant.dispatch.DispatchUtils.execute(DispatchUtils.java:106)
2017-12-30 00:20:02,155 [http-bio-8090-exec-7] ERROR StackTrace  - Full Stack Trace:
org.codehaus.groovy.control.MultipleCompilationErrorsException: startup failed:
C:\testgrailsproj\workspace\tradeproj\src\groovy\tradeproj\Trade.groovy: 5: unable to resolve class AutoClone ,  unable to find class for annotation
 @ line 5, column 1.
   @AutoClone
   ^

1 error

	at org.codehaus.groovy.control.ErrorCollector.failIfErrors(ErrorCollector.java:309)
	at org.codehaus.groovy.control.CompilationUnit.applyToSourceUnits(CompilationUnit.java:927)
	at org.codehaus.groovy.control.CompilationUnit.doPhaseOperation(CompilationUnit.java:574)
	at org.codehaus.groovy.control.CompilationUnit.compile(CompilationUnit.java:523)
	at org.codehaus.groovy.control.CompilationUnit.compile(CompilationUnit.java:506)
	at org.codehaus.groovy.tools.FileSystemCompiler.compile(FileSystemCompiler.java:59)
	at org.codehaus.groovy.tools.FileSystemCompiler.doCompilation(FileSystemCompiler.java:215)
	at org.codehaus.groovy.ant.Groovyc.runCompiler(Groovyc.java:1104)
	at org.codehaus.groovy.ant.Groovyc.compile(Groovyc.java:1155)
	at org.codehaus.groovy.ant.Groovyc.execute(Groovyc.java:770)
	at org.apache.tools.ant.UnknownElement.execute(UnknownElement.java:291)
	at org.apache.tools.ant.dispatch.DispatchUtils.execute(DispatchUtils.java:106)
2017-12-30 01:13:27,121 [http-bio-8090-exec-2] ERROR StackTrace  - Full Stack Trace:
org.codehaus.groovy.grails.web.pages.exceptions.GroovyPagesException: Error processing GroovyPageView: Template not found for name [/email/welcome] and path [/email/_welcome.gsp]
	at org.codehaus.groovy.grails.web.servlet.view.GroovyPageView.createGroovyPageException(GroovyPageView.java:205)
	at org.codehaus.groovy.grails.web.servlet.view.GroovyPageView.handleException(GroovyPageView.java:182)
	at org.codehaus.groovy.grails.web.servlet.view.GroovyPageView.renderWithTemplateEngine(GroovyPageView.java:153)
	at org.codehaus.groovy.grails.web.servlet.view.GroovyPageView.renderMergedOutputModel(GroovyPageView.java:84)
	at org.springframework.web.servlet.view.AbstractView.render(AbstractView.java:263)
	at org.springframework.web.servlet.DispatcherServlet.render(DispatcherServlet.java:1208)
	at org.codehaus.groovy.grails.web.servlet.GrailsDispatcherServlet.doDispatch(GrailsDispatcherServlet.java:388)
	at org.springframework.web.servlet.DispatcherServlet.doService(DispatcherServlet.java:856)
	at org.springframework.web.servlet.FrameworkServlet.processRequest(FrameworkServlet.java:936)
	at org.springframework.web.servlet.FrameworkServlet.doPost(FrameworkServlet.java:838)
	at javax.servlet.http.HttpServlet.service(HttpServlet.java:647)
	at org.springframework.web.servlet.FrameworkServlet.service(FrameworkServlet.java:812)
	at javax.servlet.http.HttpServlet.service(HttpServlet.java:728)
	at org.apache.catalina.core.ApplicationFilterChain.internalDoFilter(ApplicationFilterChain.java:305)
	at org.apache.catalina.core.ApplicationFilterChain.doFilter(ApplicationFilterChain.java:210)
	at grails.plugin.cache.web.filter.PageFragmentCachingFilter.doFilter(PageFragmentCachingFilter.java:200)
	at grails.plugin.cache.web.filter.simple.MemoryPageFragmentCachingFilter.doFilter(MemoryPageFragmentCachingFilter.java)
	at grails.plugin.cache.web.filter.AbstractFilter.doFilter(AbstractFilter.java:63)
	at org.springframework.web.filter.DelegatingFilterProxy.invokeDelegate(DelegatingFilterProxy.java:343)
	at org.springframework.web.filter.DelegatingFilterProxy.doFilter(DelegatingFilterProxy.java:260)
	at org.apache.catalina.core.ApplicationFilterChain.internalDoFilter(ApplicationFilterChain.java:243)
	at org.apache.catalina.core.ApplicationFilterChain.doFilter(ApplicationFilterChain.java:210)
	at org.springframework.web.filter.OncePerRequestFilter.doFilter(OncePerRequestFilter.java:101)
	at org.apache.catalina.core.ApplicationFilterChain.internalDoFilter(ApplicationFilterChain.java:243)
	at org.apache.catalina.core.ApplicationFilterChain.doFilter(ApplicationFilterChain.java:210)
	at org.springframework.web.filter.OncePerRequestFilter.doFilter(OncePerRequestFilter.java:101)
	at org.apache.catalina.core.ApplicationFilterChain.internalDoFilter(ApplicationFilterChain.java:243)
	at org.apache.catalina.core.ApplicationFilterChain.doFilter(ApplicationFilterChain.java:210)
	at org.springframework.web.filter.OncePerRequestFilter.doFilter(OncePerRequestFilter.java:101)
	at org.apache.catalina.core.ApplicationFilterChain.internalDoFilter(ApplicationFilterChain.java:243)
	at org.apache.catalina.core.ApplicationFilterChain.doFilter(ApplicationFilterChain.java:210)
	at org.apache.catalina.core.ApplicationDispatcher.invoke(ApplicationDispatcher.java:749)
	at org.apache.catalina.core.ApplicationDispatcher.processRequest(ApplicationDispatcher.java:487)
	at org.apache.catalina.core.ApplicationDispatcher.doForward(ApplicationDispatcher.java:412)
	at org.apache.catalina.core.ApplicationDispatcher.forward(ApplicationDispatcher.java:339)
	at org.codehaus.groovy.grails.web.util.WebUtils.forwardRequestForUrlMappingInfo(WebUtils.java:330)
	at org.codehaus.groovy.grails.web.util.WebUtils.forwardRequestForUrlMappingInfo(WebUtils.java:295)
	at org.codehaus.groovy.grails.web.util.WebUtils.forwardRequestForUrlMappingInfo(WebUtils.java:286)
	at org.codehaus.groovy.grails.web.mapping.filter.UrlMappingsFilter.doFilterInternal(UrlMappingsFilter.java:210)
	at org.springframework.web.filter.OncePerRequestFilter.doFilter(OncePerRequestFilter.java:107)
	at org.apache.catalina.core.ApplicationFilterChain.internalDoFilter(ApplicationFilterChain.java:243)
	at org.apache.catalina.core.ApplicationFilterChain.doFilter(ApplicationFilterChain.java:210)
	at org.codehaus.groovy.grails.web.sitemesh.GrailsPageFilter.obtainContent(GrailsPageFilter.java:206)
	at org.codehaus.groovy.grails.web.sitemesh.GrailsPageFilter.doFilter(GrailsPageFilter.java:152)
	at org.apache.catalina.core.ApplicationFilterChain.internalDoFilter(ApplicationFilterChain.java:243)
	at org.apache.catalina.core.ApplicationFilterChain.doFilter(ApplicationFilterChain.java:210)
	at javax.servlet.FilterChain$doFilter.call(Unknown Source)
	at org.grails.plugin.resource.DevModeSanityFilter.doFilter(DevModeSanityFilter.groovy:45)
	at org.apache.catalina.core.ApplicationFilterChain.internalDoFilter(ApplicationFilterChain.java:243)
	at org.apache.catalina.core.ApplicationFilterChain.doFilter(ApplicationFilterChain.java:210)
	at org.codehaus.groovy.grails.web.servlet.mvc.GrailsWebRequestFilter.doFilterInternal(GrailsWebRequestFilter.java:69)
	at org.springframework.web.filter.OncePerRequestFilter.doFilter(OncePerRequestFilter.java:107)
	at org.apache.catalina.core.ApplicationFilterChain.internalDoFilter(ApplicationFilterChain.java:243)
	at org.apache.catalina.core.ApplicationFilterChain.doFilter(ApplicationFilterChain.java:210)
	at org.codehaus.groovy.grails.web.filters.HiddenHttpMethodFilter.doFilterInternal(HiddenHttpMethodFilter.java:67)
	at org.springframework.web.filter.OncePerRequestFilter.doFilter(OncePerRequestFilter.java:107)
	at org.apache.catalina.core.ApplicationFilterChain.internalDoFilter(ApplicationFilterChain.java:243)
	at org.apache.catalina.core.ApplicationFilterChain.doFilter(ApplicationFilterChain.java:210)
	at org.springframework.web.filter.CharacterEncodingFilter.doFilterInternal(CharacterEncodingFilter.java:88)
	at org.springframework.web.filter.OncePerRequestFilter.doFilter(OncePerRequestFilter.java:107)
	at org.springframework.web.filter.DelegatingFilterProxy.invokeDelegate(DelegatingFilterProxy.java:343)
	at org.springframework.web.filter.DelegatingFilterProxy.doFilter(DelegatingFilterProxy.java:260)
	at org.apache.catalina.core.ApplicationFilterChain.internalDoFilter(ApplicationFilterChain.java:243)
	at org.apache.catalina.core.ApplicationFilterChain.doFilter(ApplicationFilterChain.java:210)
	at org.apache.catalina.core.StandardWrapperValve.invoke(StandardWrapperValve.java:222)
	at org.apache.catalina.core.StandardContextValve.invoke(StandardContextValve.java:123)
	at org.apache.catalina.core.StandardHostValve.invoke(StandardHostValve.java:171)
	at org.apache.catalina.valves.ErrorReportValve.invoke(ErrorReportValve.java:99)
	at org.apache.catalina.core.StandardEngineValve.invoke(StandardEngineValve.java:118)
	at org.apache.catalina.connector.CoyoteAdapter.service(CoyoteAdapter.java:408)
	at org.apache.coyote.http11.AbstractHttp11Processor.process(AbstractHttp11Processor.java:1023)
	at org.apache.coyote.AbstractProtocol$AbstractConnectionHandler.process(AbstractProtocol.java:589)
	at org.apache.tomcat.util.net.JIoEndpoint$SocketProcessor.run(JIoEndpoint.java:310)
	at java.util.concurrent.ThreadPoolExecutor.runWorker(ThreadPoolExecutor.java:1145)
	at java.util.concurrent.ThreadPoolExecutor$Worker.run(ThreadPoolExecutor.java:615)
	at java.lang.Thread.run(Thread.java:745)
Caused by: org.codehaus.groovy.grails.web.taglib.exceptions.GrailsTagException: Template not found for name [/email/welcome] and path [/email/_welcome.gsp]
	at org.codehaus.groovy.grails.web.pages.GroovyPage.throwRootCause(GroovyPage.java:527)
	at org.codehaus.groovy.grails.web.pages.GroovyPage.invokeTag(GroovyPage.java:473)
	at sun.reflect.GeneratedMethodAccessor261.invoke(Unknown Source)
	at sun.reflect.DelegatingMethodAccessorImpl.invoke(DelegatingMethodAccessorImpl.java:43)
	at java.lang.reflect.Method.invoke(Method.java:606)
	at org.springsource.loaded.ri.ReflectiveInterceptor.jlrMethodInvoke(ReflectiveInterceptor.java:1260)
	at org.codehaus.groovy.reflection.CachedMethod.invoke(CachedMethod.java:90)
	at groovy.lang.MetaMethod.doMethodInvoke(MetaMethod.java:233)
	at groovy.lang.MetaClassImpl.invokeMethod(MetaClassImpl.java:1086)
	at groovy.lang.ExpandoMetaClass.invokeMethod(ExpandoMetaClass.java:1110)
	at groovy.lang.MetaClassImpl.invokeMethod(MetaClassImpl.java:910)
	at groovy.lang.MetaClassImpl.invokeMethod(MetaClassImpl.java:990)
	at groovy.lang.ExpandoMetaClass.invokeMethod(ExpandoMetaClass.java:1110)
	at groovy.lang.MetaClassImpl.invokeMethod(MetaClassImpl.java:910)
	at org.codehaus.groovy.runtime.callsite.PogoMetaClassSite.callCurrent(PogoMetaClassSite.java:66)
	at org.codehaus.groovy.runtime.callsite.CallSiteArray.defaultCallCurrent(CallSiteArray.java:49)
	at org.codehaus.groovy.runtime.callsite.AbstractCallSite.callCurrent(AbstractCallSite.java:133)
	at C__testgrailsproj_workspace_tradeproj_grails_app_views_admin_trade_gsp$_run_closure2.doCall(trade.gsp:11)
	at sun.reflect.NativeMethodAccessorImpl.invoke0(Native Method)
	at sun.reflect.NativeMethodAccessorImpl.invoke(NativeMethodAccessorImpl.java:57)
	at sun.reflect.DelegatingMethodAccessorImpl.invoke(DelegatingMethodAccessorImpl.java:43)
	at java.lang.reflect.Method.invoke(Method.java:606)
	at org.springsource.loaded.ri.ReflectiveInterceptor.jlrMethodInvoke(ReflectiveInterceptor.java:1260)
	at org.codehaus.groovy.reflection.CachedMethod.invoke(CachedMethod.java:90)
	at groovy.lang.MetaMethod.doMethodInvoke(MetaMethod.java:233)
	at groovy.lang.MetaClassImpl.invokeMethod(MetaClassImpl.java:1086)
	at groovy.lang.ExpandoMetaClass.invokeMethod(ExpandoMetaClass.java:1110)
	at groovy.lang.MetaClassImpl.invokeMethod(MetaClassImpl.java:910)
	at groovy.lang.Closure.call(Closure.java:411)
	at groovy.lang.Closure.call(Closure.java:405)
	at org.codehaus.groovy.grails.web.taglib.GroovyPageTagBody.executeClosure(GroovyPageTagBody.java:206)
	at org.codehaus.groovy.grails.web.taglib.GroovyPageTagBody.captureClosureOutput(GroovyPageTagBody.java:108)
	at org.codehaus.groovy.grails.web.taglib.GroovyPageTagBody.call(GroovyPageTagBody.java:219)
	at org.codehaus.groovy.grails.plugins.web.taglib.SitemeshTagLib.captureTagContent(SitemeshTagLib.groovy:47)
	at org.codehaus.groovy.grails.plugins.web.taglib.SitemeshTagLib.captureTagContent(SitemeshTagLib.groovy)
	at sun.reflect.GeneratedMethodAccessor288.invoke(Unknown Source)
	at sun.reflect.DelegatingMethodAccessorImpl.invoke(DelegatingMethodAccessorImpl.java:43)
	at java.lang.reflect.Method.invoke(Method.java:606)
	at org.springsource.loaded.ri.ReflectiveInterceptor.jlrMethodInvoke(ReflectiveInterceptor.java:1260)
	at org.codehaus.groovy.reflection.CachedMethod.invoke(CachedMethod.java:90)
	at groovy.lang.MetaMethod.doMethodInvoke(MetaMethod.java:233)
	at groovy.lang.MetaClassImpl.invokeMethod(MetaClassImpl.java:1086)
	at groovy.lang.ExpandoMetaClass.invokeMethod(ExpandoMetaClass.java:1110)
	at groovy.lang.MetaClassImpl.invokeMethod(MetaClassImpl.java:910)
	at groovy.lang.MetaClassImpl.invokeMethod(MetaClassImpl.java:1031)
	at groovy.lang.ExpandoMetaClass.invokeMethod(ExpandoMetaClass.java:1110)
	at groovy.lang.MetaClassImpl.invokeMethod(MetaClassImpl.java:910)
	at org.codehaus.groovy.runtime.callsite.PogoMetaClassSite.callCurrent(PogoMetaClassSite.java:66)
	at org.codehaus.groovy.runtime.callsite.AbstractCallSite.callCurrent(AbstractCallSite.java:153)
	at org.codehaus.groovy.grails.plugins.web.taglib.SitemeshTagLib$_closure3.doCall(SitemeshTagLib.groovy:150)
	at sun.reflect.NativeMethodAccessorImpl.invoke0(Native Method)
	at sun.reflect.NativeMethodAccessorImpl.invoke(NativeMethodAccessorImpl.java:57)
	at sun.reflect.DelegatingMethodAccessorImpl.invoke(DelegatingMethodAccessorImpl.java:43)
	at java.lang.reflect.Method.invoke(Method.java:606)
	at org.springsource.loaded.ri.ReflectiveInterceptor.jlrMethodInvoke(ReflectiveInterceptor.java:1260)
	at org.codehaus.groovy.reflection.CachedMethod.invoke(CachedMethod.java:90)
	at groovy.lang.MetaMethod.doMethodInvoke(MetaMethod.java:233)
	at groovy.lang.MetaClassImpl.invokeMethod(MetaClassImpl.java:1086)
	at groovy.lang.ExpandoMetaClass.invokeMethod(ExpandoMetaClass.java:1110)
	at groovy.lang.MetaClassImpl.invokeMethod(MetaClassImpl.java:910)
	at groovy.lang.Closure.call(Closure.java:411)
	at org.codehaus.groovy.grails.web.pages.GroovyPage.invokeTagLibClosure(GroovyPage.java:504)
	at org.codehaus.groovy.grails.web.pages.GroovyPage.invokeTag(GroovyPage.java:422)
	at org.codehaus.groovy.grails.web.pages.GroovyPage$invokeTag$4.callCurrent(Unknown Source)
	at org.codehaus.groovy.runtime.callsite.CallSiteArray.defaultCallCurrent(CallSiteArray.java:49)
	at org.codehaus.groovy.runtime.callsite.AbstractCallSite.callCurrent(AbstractCallSite.java:133)
	at C__testgrailsproj_workspace_tradeproj_grails_app_views_admin_trade_gsp.run(trade.gsp:16)
	at org.codehaus.groovy.grails.web.pages.GroovyPageWritable.writeTo(GroovyPageWritable.java:205)
	at org.codehaus.groovy.grails.web.servlet.view.GroovyPageView.renderWithTemplateEngine(GroovyPageView.java:149)
	... 73 more
2017-12-30 01:13:27,126 [http-bio-8090-exec-2] ERROR StackTrace  - Full Stack Trace:
org.codehaus.groovy.grails.web.taglib.exceptions.GrailsTagException: Template not found for name [/email/welcome] and path [/email/_welcome.gsp]
	at org.codehaus.groovy.grails.web.pages.GroovyPage.throwRootCause(GroovyPage.java:527)
	at org.codehaus.groovy.grails.web.pages.GroovyPage.invokeTag(GroovyPage.java:473)
	at sun.reflect.GeneratedMethodAccessor261.invoke(Unknown Source)
	at sun.reflect.DelegatingMethodAccessorImpl.invoke(DelegatingMethodAccessorImpl.java:43)
	at java.lang.reflect.Method.invoke(Method.java:606)
	at org.springsource.loaded.ri.ReflectiveInterceptor.jlrMethodInvoke(ReflectiveInterceptor.java:1260)
	at org.codehaus.groovy.reflection.CachedMethod.invoke(CachedMethod.java:90)
	at groovy.lang.MetaMethod.doMethodInvoke(MetaMethod.java:233)
	at groovy.lang.MetaClassImpl.invokeMethod(MetaClassImpl.java:1086)
	at groovy.lang.ExpandoMetaClass.invokeMethod(ExpandoMetaClass.java:1110)
	at groovy.lang.MetaClassImpl.invokeMethod(MetaClassImpl.java:910)
	at groovy.lang.MetaClassImpl.invokeMethod(MetaClassImpl.java:990)
	at groovy.lang.ExpandoMetaClass.invokeMethod(ExpandoMetaClass.java:1110)
	at groovy.lang.MetaClassImpl.invokeMethod(MetaClassImpl.java:910)
	at org.codehaus.groovy.runtime.callsite.PogoMetaClassSite.callCurrent(PogoMetaClassSite.java:66)
	at org.codehaus.groovy.runtime.callsite.CallSiteArray.defaultCallCurrent(CallSiteArray.java:49)
	at org.codehaus.groovy.runtime.callsite.AbstractCallSite.callCurrent(AbstractCallSite.java:133)
	at C__testgrailsproj_workspace_tradeproj_grails_app_views_admin_trade_gsp$_run_closure2.doCall(trade.gsp:11)
	at sun.reflect.NativeMethodAccessorImpl.invoke0(Native Method)
	at sun.reflect.NativeMethodAccessorImpl.invoke(NativeMethodAccessorImpl.java:57)
	at sun.reflect.DelegatingMethodAccessorImpl.invoke(DelegatingMethodAccessorImpl.java:43)
	at java.lang.reflect.Method.invoke(Method.java:606)
	at org.springsource.loaded.ri.ReflectiveInterceptor.jlrMethodInvoke(ReflectiveInterceptor.java:1260)
	at org.codehaus.groovy.reflection.CachedMethod.invoke(CachedMethod.java:90)
	at groovy.lang.MetaMethod.doMethodInvoke(MetaMethod.java:233)
	at groovy.lang.MetaClassImpl.invokeMethod(MetaClassImpl.java:1086)
	at groovy.lang.ExpandoMetaClass.invokeMethod(ExpandoMetaClass.java:1110)
	at groovy.lang.MetaClassImpl.invokeMethod(MetaClassImpl.java:910)
	at groovy.lang.Closure.call(Closure.java:411)
	at groovy.lang.Closure.call(Closure.java:405)
	at org.codehaus.groovy.grails.web.taglib.GroovyPageTagBody.executeClosure(GroovyPageTagBody.java:206)
	at org.codehaus.groovy.grails.web.taglib.GroovyPageTagBody.captureClosureOutput(GroovyPageTagBody.java:108)
	at org.codehaus.groovy.grails.web.taglib.GroovyPageTagBody.call(GroovyPageTagBody.java:219)
	at org.codehaus.groovy.grails.plugins.web.taglib.SitemeshTagLib.captureTagContent(SitemeshTagLib.groovy:47)
	at org.codehaus.groovy.grails.plugins.web.taglib.SitemeshTagLib.captureTagContent(SitemeshTagLib.groovy)
	at sun.reflect.GeneratedMethodAccessor288.invoke(Unknown Source)
	at sun.reflect.DelegatingMethodAccessorImpl.invoke(DelegatingMethodAccessorImpl.java:43)
	at java.lang.reflect.Method.invoke(Method.java:606)
	at org.springsource.loaded.ri.ReflectiveInterceptor.jlrMethodInvoke(ReflectiveInterceptor.java:1260)
	at org.codehaus.groovy.reflection.CachedMethod.invoke(CachedMethod.java:90)
	at groovy.lang.MetaMethod.doMethodInvoke(MetaMethod.java:233)
	at groovy.lang.MetaClassImpl.invokeMethod(MetaClassImpl.java:1086)
	at groovy.lang.ExpandoMetaClass.invokeMethod(ExpandoMetaClass.java:1110)
	at groovy.lang.MetaClassImpl.invokeMethod(MetaClassImpl.java:910)
	at groovy.lang.MetaClassImpl.invokeMethod(MetaClassImpl.java:1031)
	at groovy.lang.ExpandoMetaClass.invokeMethod(ExpandoMetaClass.java:1110)
	at groovy.lang.MetaClassImpl.invokeMethod(MetaClassImpl.java:910)
	at org.codehaus.groovy.runtime.callsite.PogoMetaClassSite.callCurrent(PogoMetaClassSite.java:66)
	at org.codehaus.groovy.runtime.callsite.AbstractCallSite.callCurrent(AbstractCallSite.java:153)
	at org.codehaus.groovy.grails.plugins.web.taglib.SitemeshTagLib$_closure3.doCall(SitemeshTagLib.groovy:150)
	at sun.reflect.NativeMethodAccessorImpl.invoke0(Native Method)
	at sun.reflect.NativeMethodAccessorImpl.invoke(NativeMethodAccessorImpl.java:57)
	at sun.reflect.DelegatingMethodAccessorImpl.invoke(DelegatingMethodAccessorImpl.java:43)
	at java.lang.reflect.Method.invoke(Method.java:606)
	at org.springsource.loaded.ri.ReflectiveInterceptor.jlrMethodInvoke(ReflectiveInterceptor.java:1260)
	at org.codehaus.groovy.reflection.CachedMethod.invoke(CachedMethod.java:90)
	at groovy.lang.MetaMethod.doMethodInvoke(MetaMethod.java:233)
	at groovy.lang.MetaClassImpl.invokeMethod(MetaClassImpl.java:1086)
	at groovy.lang.ExpandoMetaClass.invokeMethod(ExpandoMetaClass.java:1110)
	at groovy.lang.MetaClassImpl.invokeMethod(MetaClassImpl.java:910)
	at groovy.lang.Closure.call(Closure.java:411)
	at org.codehaus.groovy.grails.web.pages.GroovyPage.invokeTagLibClosure(GroovyPage.java:504)
	at org.codehaus.groovy.grails.web.pages.GroovyPage.invokeTag(GroovyPage.java:422)
	at org.codehaus.groovy.grails.web.pages.GroovyPage$invokeTag$4.callCurrent(Unknown Source)
	at org.codehaus.groovy.runtime.callsite.CallSiteArray.defaultCallCurrent(CallSiteArray.java:49)
	at org.codehaus.groovy.runtime.callsite.AbstractCallSite.callCurrent(AbstractCallSite.java:133)
	at C__testgrailsproj_workspace_tradeproj_grails_app_views_admin_trade_gsp.run(trade.gsp:16)
	at org.codehaus.groovy.grails.web.pages.GroovyPageWritable.writeTo(GroovyPageWritable.java:205)
	at org.codehaus.groovy.grails.web.servlet.view.GroovyPageView.renderWithTemplateEngine(GroovyPageView.java:149)
	at org.codehaus.groovy.grails.web.servlet.view.GroovyPageView.renderMergedOutputModel(GroovyPageView.java:84)
	at org.springframework.web.servlet.view.AbstractView.render(AbstractView.java:263)
	at org.springframework.web.servlet.DispatcherServlet.render(DispatcherServlet.java:1208)
	at org.codehaus.groovy.grails.web.servlet.GrailsDispatcherServlet.doDispatch(GrailsDispatcherServlet.java:388)
	at org.springframework.web.servlet.DispatcherServlet.doService(DispatcherServlet.java:856)
	at org.springframework.web.servlet.FrameworkServlet.processRequest(FrameworkServlet.java:936)
	at org.springframework.web.servlet.FrameworkServlet.doPost(FrameworkServlet.java:838)
	at javax.servlet.http.HttpServlet.service(HttpServlet.java:647)
	at org.springframework.web.servlet.FrameworkServlet.service(FrameworkServlet.java:812)
	at javax.servlet.http.HttpServlet.service(HttpServlet.java:728)
	at org.apache.catalina.core.ApplicationFilterChain.internalDoFilter(ApplicationFilterChain.java:305)
	at org.apache.catalina.core.ApplicationFilterChain.doFilter(ApplicationFilterChain.java:210)
	at grails.plugin.cache.web.filter.PageFragmentCachingFilter.doFilter(PageFragmentCachingFilter.java:200)
	at grails.plugin.cache.web.filter.simple.MemoryPageFragmentCachingFilter.doFilter(MemoryPageFragmentCachingFilter.java)
	at grails.plugin.cache.web.filter.AbstractFilter.doFilter(AbstractFilter.java:63)
	at org.springframework.web.filter.DelegatingFilterProxy.invokeDelegate(DelegatingFilterProxy.java:343)
	at org.springframework.web.filter.DelegatingFilterProxy.doFilter(DelegatingFilterProxy.java:260)
	at org.apache.catalina.core.ApplicationFilterChain.internalDoFilter(ApplicationFilterChain.java:243)
	at org.apache.catalina.core.ApplicationFilterChain.doFilter(ApplicationFilterChain.java:210)
	at org.springframework.web.filter.OncePerRequestFilter.doFilter(OncePerRequestFilter.java:101)
	at org.apache.catalina.core.ApplicationFilterChain.internalDoFilter(ApplicationFilterChain.java:243)
	at org.apache.catalina.core.ApplicationFilterChain.doFilter(ApplicationFilterChain.java:210)
	at org.springframework.web.filter.OncePerRequestFilter.doFilter(OncePerRequestFilter.java:101)
	at org.apache.catalina.core.ApplicationFilterChain.internalDoFilter(ApplicationFilterChain.java:243)
	at org.apache.catalina.core.ApplicationFilterChain.doFilter(ApplicationFilterChain.java:210)
	at org.springframework.web.filter.OncePerRequestFilter.doFilter(OncePerRequestFilter.java:101)
	at org.apache.catalina.core.ApplicationFilterChain.internalDoFilter(ApplicationFilterChain.java:243)
	at org.apache.catalina.core.ApplicationFilterChain.doFilter(ApplicationFilterChain.java:210)
	at org.apache.catalina.core.ApplicationDispatcher.invoke(ApplicationDispatcher.java:749)
	at org.apache.catalina.core.ApplicationDispatcher.processRequest(ApplicationDispatcher.java:487)
	at org.apache.catalina.core.ApplicationDispatcher.doForward(ApplicationDispatcher.java:412)
	at org.apache.catalina.core.ApplicationDispatcher.forward(ApplicationDispatcher.java:339)
	at org.codehaus.groovy.grails.web.util.WebUtils.forwardRequestForUrlMappingInfo(WebUtils.java:330)
	at org.codehaus.groovy.grails.web.util.WebUtils.forwardRequestForUrlMappingInfo(WebUtils.java:295)
	at org.codehaus.groovy.grails.web.util.WebUtils.forwardRequestForUrlMappingInfo(WebUtils.java:286)
	at org.codehaus.groovy.grails.web.mapping.filter.UrlMappingsFilter.doFilterInternal(UrlMappingsFilter.java:210)
	at org.springframework.web.filter.OncePerRequestFilter.doFilter(OncePerRequestFilter.java:107)
	at org.apache.catalina.core.ApplicationFilterChain.internalDoFilter(ApplicationFilterChain.java:243)
	at org.apache.catalina.core.ApplicationFilterChain.doFilter(ApplicationFilterChain.java:210)
	at org.codehaus.groovy.grails.web.sitemesh.GrailsPageFilter.obtainContent(GrailsPageFilter.java:206)
	at org.codehaus.groovy.grails.web.sitemesh.GrailsPageFilter.doFilter(GrailsPageFilter.java:152)
	at org.apache.catalina.core.ApplicationFilterChain.internalDoFilter(ApplicationFilterChain.java:243)
	at org.apache.catalina.core.ApplicationFilterChain.doFilter(ApplicationFilterChain.java:210)
	at javax.servlet.FilterChain$doFilter.call(Unknown Source)
	at org.grails.plugin.resource.DevModeSanityFilter.doFilter(DevModeSanityFilter.groovy:45)
	at org.apache.catalina.core.ApplicationFilterChain.internalDoFilter(ApplicationFilterChain.java:243)
	at org.apache.catalina.core.ApplicationFilterChain.doFilter(ApplicationFilterChain.java:210)
	at org.codehaus.groovy.grails.web.servlet.mvc.GrailsWebRequestFilter.doFilterInternal(GrailsWebRequestFilter.java:69)
	at org.springframework.web.filter.OncePerRequestFilter.doFilter(OncePerRequestFilter.java:107)
	at org.apache.catalina.core.ApplicationFilterChain.internalDoFilter(ApplicationFilterChain.java:243)
	at org.apache.catalina.core.ApplicationFilterChain.doFilter(ApplicationFilterChain.java:210)
	at org.codehaus.groovy.grails.web.filters.HiddenHttpMethodFilter.doFilterInternal(HiddenHttpMethodFilter.java:67)
	at org.springframework.web.filter.OncePerRequestFilter.doFilter(OncePerRequestFilter.java:107)
	at org.apache.catalina.core.ApplicationFilterChain.internalDoFilter(ApplicationFilterChain.java:243)
	at org.apache.catalina.core.ApplicationFilterChain.doFilter(ApplicationFilterChain.java:210)
	at org.springframework.web.filter.CharacterEncodingFilter.doFilterInternal(CharacterEncodingFilter.java:88)
	at org.springframework.web.filter.OncePerRequestFilter.doFilter(OncePerRequestFilter.java:107)
	at org.springframework.web.filter.DelegatingFilterProxy.invokeDelegate(DelegatingFilterProxy.java:343)
	at org.springframework.web.filter.DelegatingFilterProxy.doFilter(DelegatingFilterProxy.java:260)
	at org.apache.catalina.core.ApplicationFilterChain.internalDoFilter(ApplicationFilterChain.java:243)
	at org.apache.catalina.core.ApplicationFilterChain.doFilter(ApplicationFilterChain.java:210)
	at org.apache.catalina.core.StandardWrapperValve.invoke(StandardWrapperValve.java:222)
	at org.apache.catalina.core.StandardContextValve.invoke(StandardContextValve.java:123)
	at org.apache.catalina.core.StandardHostValve.invoke(StandardHostValve.java:171)
	at org.apache.catalina.valves.ErrorReportValve.invoke(ErrorReportValve.java:99)
	at org.apache.catalina.core.StandardEngineValve.invoke(StandardEngineValve.java:118)
	at org.apache.catalina.connector.CoyoteAdapter.service(CoyoteAdapter.java:408)
	at org.apache.coyote.http11.AbstractHttp11Processor.process(AbstractHttp11Processor.java:1023)
	at org.apache.coyote.AbstractProtocol$AbstractConnectionHandler.process(AbstractProtocol.java:589)
	at org.apache.tomcat.util.net.JIoEndpoint$SocketProcessor.run(JIoEndpoint.java:310)
	at java.util.concurrent.ThreadPoolExecutor.runWorker(ThreadPoolExecutor.java:1145)
	at java.util.concurrent.ThreadPoolExecutor$Worker.run(ThreadPoolExecutor.java:615)
	at java.lang.Thread.run(Thread.java:745)
2017-12-30 01:13:27,126 [http-bio-8090-exec-2] ERROR StackTrace  - Full Stack Trace:
org.codehaus.groovy.grails.web.pages.exceptions.GroovyPagesException: Error processing GroovyPageView: Template not found for name [/email/welcome] and path [/email/_welcome.gsp]
	at grails.plugin.cache.web.filter.PageFragmentCachingFilter.doFilter(PageFragmentCachingFilter.java:200)
	at grails.plugin.cache.web.filter.AbstractFilter.doFilter(AbstractFilter.java:63)
	at java.util.concurrent.ThreadPoolExecutor.runWorker(ThreadPoolExecutor.java:1145)
	at java.util.concurrent.ThreadPoolExecutor$Worker.run(ThreadPoolExecutor.java:615)
	at java.lang.Thread.run(Thread.java:745)
Caused by: org.codehaus.groovy.grails.web.taglib.exceptions.GrailsTagException: Template not found for name [/email/welcome] and path [/email/_welcome.gsp]
	at C__testgrailsproj_workspace_tradeproj_grails_app_views_admin_trade_gsp$_run_closure2.doCall(trade.gsp:11)
	at C__testgrailsproj_workspace_tradeproj_grails_app_views_admin_trade_gsp.run(trade.gsp:16)
	... 5 more
2017-12-30 01:13:27,141 [http-bio-8090-exec-2] ERROR StackTrace  - Full Stack Trace:
org.codehaus.groovy.grails.web.pages.exceptions.GroovyPagesException: Error processing GroovyPageView: Template not found for name [/email/welcome] and path [/email/_welcome.gsp]
	at grails.plugin.cache.web.filter.PageFragmentCachingFilter.doFilter(PageFragmentCachingFilter.java:200)
	at grails.plugin.cache.web.filter.AbstractFilter.doFilter(AbstractFilter.java:63)
	at java.util.concurrent.ThreadPoolExecutor.runWorker(ThreadPoolExecutor.java:1145)
	at java.util.concurrent.ThreadPoolExecutor$Worker.run(ThreadPoolExecutor.java:615)
	at java.lang.Thread.run(Thread.java:745)
Caused by: org.codehaus.groovy.grails.web.taglib.exceptions.GrailsTagException: Template not found for name [/email/welcome] and path [/email/_welcome.gsp]
	at C__testgrailsproj_workspace_tradeproj_grails_app_views_admin_trade_gsp$_run_closure2.doCall(trade.gsp:11)
	at C__testgrailsproj_workspace_tradeproj_grails_app_views_admin_trade_gsp.run(trade.gsp:16)
	... 5 more
2017-12-30 01:13:27,141 [http-bio-8090-exec-2] ERROR StackTrace  - Full Stack Trace:
org.codehaus.groovy.grails.web.taglib.exceptions.GrailsTagException: Template not found for name [/email/welcome] and path [/email/_welcome.gsp]
	at C__testgrailsproj_workspace_tradeproj_grails_app_views_admin_trade_gsp$_run_closure2.doCall(trade.gsp:11)
	at C__testgrailsproj_workspace_tradeproj_grails_app_views_admin_trade_gsp.run(trade.gsp:16)
	at grails.plugin.cache.web.filter.PageFragmentCachingFilter.doFilter(PageFragmentCachingFilter.java:200)
	at grails.plugin.cache.web.filter.AbstractFilter.doFilter(AbstractFilter.java:63)
	at java.util.concurrent.ThreadPoolExecutor.runWorker(ThreadPoolExecutor.java:1145)
	at java.util.concurrent.ThreadPoolExecutor$Worker.run(ThreadPoolExecutor.java:615)
	at java.lang.Thread.run(Thread.java:745)
2017-12-30 01:13:27,141 [http-bio-8090-exec-2] ERROR StackTrace  - Full Stack Trace:
org.codehaus.groovy.grails.web.pages.exceptions.GroovyPagesException: Error processing GroovyPageView: Template not found for name [/email/welcome] and path [/email/_welcome.gsp]
	at grails.plugin.cache.web.filter.PageFragmentCachingFilter.doFilter(PageFragmentCachingFilter.java:200)
	at grails.plugin.cache.web.filter.AbstractFilter.doFilter(AbstractFilter.java:63)
	at java.util.concurrent.ThreadPoolExecutor.runWorker(ThreadPoolExecutor.java:1145)
	at java.util.concurrent.ThreadPoolExecutor$Worker.run(ThreadPoolExecutor.java:615)
	at java.lang.Thread.run(Thread.java:745)
Caused by: org.codehaus.groovy.grails.web.taglib.exceptions.GrailsTagException: Template not found for name [/email/welcome] and path [/email/_welcome.gsp]
	at C__testgrailsproj_workspace_tradeproj_grails_app_views_admin_trade_gsp$_run_closure2.doCall(trade.gsp:11)
	at C__testgrailsproj_workspace_tradeproj_grails_app_views_admin_trade_gsp.run(trade.gsp:16)
	... 5 more
2017-12-30 01:13:27,142 [http-bio-8090-exec-2] ERROR StackTrace  - Full Stack Trace:
org.codehaus.groovy.grails.web.pages.exceptions.GroovyPagesException: Error processing GroovyPageView: Template not found for name [/email/welcome] and path [/email/_welcome.gsp]
	at grails.plugin.cache.web.filter.PageFragmentCachingFilter.doFilter(PageFragmentCachingFilter.java:200)
	at grails.plugin.cache.web.filter.AbstractFilter.doFilter(AbstractFilter.java:63)
	at java.util.concurrent.ThreadPoolExecutor.runWorker(ThreadPoolExecutor.java:1145)
	at java.util.concurrent.ThreadPoolExecutor$Worker.run(ThreadPoolExecutor.java:615)
	at java.lang.Thread.run(Thread.java:745)
Caused by: org.codehaus.groovy.grails.web.taglib.exceptions.GrailsTagException: Template not found for name [/email/welcome] and path [/email/_welcome.gsp]
	at C__testgrailsproj_workspace_tradeproj_grails_app_views_admin_trade_gsp$_run_closure2.doCall(trade.gsp:11)
	at C__testgrailsproj_workspace_tradeproj_grails_app_views_admin_trade_gsp.run(trade.gsp:16)
	... 5 more
2017-12-30 01:13:27,142 [http-bio-8090-exec-2] ERROR StackTrace  - Full Stack Trace:
org.codehaus.groovy.grails.web.taglib.exceptions.GrailsTagException: Template not found for name [/email/welcome] and path [/email/_welcome.gsp]
	at C__testgrailsproj_workspace_tradeproj_grails_app_views_admin_trade_gsp$_run_closure2.doCall(trade.gsp:11)
	at C__testgrailsproj_workspace_tradeproj_grails_app_views_admin_trade_gsp.run(trade.gsp:16)
	at grails.plugin.cache.web.filter.PageFragmentCachingFilter.doFilter(PageFragmentCachingFilter.java:200)
	at grails.plugin.cache.web.filter.AbstractFilter.doFilter(AbstractFilter.java:63)
	at java.util.concurrent.ThreadPoolExecutor.runWorker(ThreadPoolExecutor.java:1145)
	at java.util.concurrent.ThreadPoolExecutor$Worker.run(ThreadPoolExecutor.java:615)
	at java.lang.Thread.run(Thread.java:745)
2017-12-30 01:13:27,142 [http-bio-8090-exec-2] ERROR StackTrace  - Full Stack Trace:
org.codehaus.groovy.grails.web.pages.exceptions.GroovyPagesException: Error processing GroovyPageView: Template not found for name [/email/welcome] and path [/email/_welcome.gsp]
	at grails.plugin.cache.web.filter.PageFragmentCachingFilter.doFilter(PageFragmentCachingFilter.java:200)
	at grails.plugin.cache.web.filter.AbstractFilter.doFilter(AbstractFilter.java:63)
	at java.util.concurrent.ThreadPoolExecutor.runWorker(ThreadPoolExecutor.java:1145)
	at java.util.concurrent.ThreadPoolExecutor$Worker.run(ThreadPoolExecutor.java:615)
	at java.lang.Thread.run(Thread.java:745)
Caused by: org.codehaus.groovy.grails.web.taglib.exceptions.GrailsTagException: Template not found for name [/email/welcome] and path [/email/_welcome.gsp]
	at C__testgrailsproj_workspace_tradeproj_grails_app_views_admin_trade_gsp$_run_closure2.doCall(trade.gsp:11)
	at C__testgrailsproj_workspace_tradeproj_grails_app_views_admin_trade_gsp.run(trade.gsp:16)
	... 5 more
2017-12-30 01:13:28,146 [http-bio-8090-exec-2] ERROR StackTrace  - Full Stack Trace:
org.codehaus.groovy.grails.web.pages.exceptions.GroovyPagesException: Error processing GroovyPageView: Template not found for name [/email/welcome] and path [/email/_welcome.gsp]
	at grails.plugin.cache.web.filter.PageFragmentCachingFilter.doFilter(PageFragmentCachingFilter.java:200)
	at grails.plugin.cache.web.filter.AbstractFilter.doFilter(AbstractFilter.java:63)
	at java.util.concurrent.ThreadPoolExecutor.runWorker(ThreadPoolExecutor.java:1145)
	at java.util.concurrent.ThreadPoolExecutor$Worker.run(ThreadPoolExecutor.java:615)
	at java.lang.Thread.run(Thread.java:745)
Caused by: org.codehaus.groovy.grails.web.taglib.exceptions.GrailsTagException: Template not found for name [/email/welcome] and path [/email/_welcome.gsp]
	at C__testgrailsproj_workspace_tradeproj_grails_app_views_admin_trade_gsp$_run_closure2.doCall(trade.gsp:11)
	at C__testgrailsproj_workspace_tradeproj_grails_app_views_admin_trade_gsp.run(trade.gsp:16)
	... 5 more
2017-12-30 01:13:28,146 [http-bio-8090-exec-2] ERROR StackTrace  - Full Stack Trace:
org.codehaus.groovy.grails.web.taglib.exceptions.GrailsTagException: Template not found for name [/email/welcome] and path [/email/_welcome.gsp]
	at C__testgrailsproj_workspace_tradeproj_grails_app_views_admin_trade_gsp$_run_closure2.doCall(trade.gsp:11)
	at C__testgrailsproj_workspace_tradeproj_grails_app_views_admin_trade_gsp.run(trade.gsp:16)
	at grails.plugin.cache.web.filter.PageFragmentCachingFilter.doFilter(PageFragmentCachingFilter.java:200)
	at grails.plugin.cache.web.filter.AbstractFilter.doFilter(AbstractFilter.java:63)
	at java.util.concurrent.ThreadPoolExecutor.runWorker(ThreadPoolExecutor.java:1145)
	at java.util.concurrent.ThreadPoolExecutor$Worker.run(ThreadPoolExecutor.java:615)
	at java.lang.Thread.run(Thread.java:745)
2017-12-30 01:13:28,146 [http-bio-8090-exec-2] ERROR StackTrace  - Full Stack Trace:
org.codehaus.groovy.grails.web.pages.exceptions.GroovyPagesException: Error processing GroovyPageView: Template not found for name [/email/welcome] and path [/email/_welcome.gsp]
	at grails.plugin.cache.web.filter.PageFragmentCachingFilter.doFilter(PageFragmentCachingFilter.java:200)
	at grails.plugin.cache.web.filter.AbstractFilter.doFilter(AbstractFilter.java:63)
	at java.util.concurrent.ThreadPoolExecutor.runWorker(ThreadPoolExecutor.java:1145)
	at java.util.concurrent.ThreadPoolExecutor$Worker.run(ThreadPoolExecutor.java:615)
	at java.lang.Thread.run(Thread.java:745)
Caused by: org.codehaus.groovy.grails.web.taglib.exceptions.GrailsTagException: Template not found for name [/email/welcome] and path [/email/_welcome.gsp]
	at C__testgrailsproj_workspace_tradeproj_grails_app_views_admin_trade_gsp$_run_closure2.doCall(trade.gsp:11)
	at C__testgrailsproj_workspace_tradeproj_grails_app_views_admin_trade_gsp.run(trade.gsp:16)
	... 5 more
